Standard Filesystem Test Start
"/"
"/"
"/"
"/"
"/"
"/"
"/"
"/"
"/"
"/"
"/"
"/"
"/"
"/"
Standard Filesystem Test End
Boost Filesystem Test Start
"/"
"/"
"//./"
"//../"
"/"
"/"
"/"
"/"
"/"
"/"
"/"
"/home/ych/odd_prog"
"/"
"/"
"/./"is diffent from "//./"
"/./"is diffent from "//../"
"/./"is diffent from "//"
"/../"is diffent from "//./"
"/../"is diffent from "//../"
"/../"is diffent from "//"
"//./"is diffent from "//../"
"//./"is diffent from "///./"
"//./"is diffent from "///../"
"//./"is diffent from "////./"
"//./"is diffent from "////../"
"//./"is diffent from "/././"
"//./"is diffent from "/../../"
"//./"is diffent from "/"
"//./"is diffent from "//"
"//./"is diffent from "///"
"//./"is diffent from "////"
"//../"is diffent from "///./"
"//../"is diffent from "///../"
"//../"is diffent from "////./"
"//../"is diffent from "////../"
"//../"is diffent from "/././"
"//../"is diffent from "/../../"
"//../"is diffent from "/"
"//../"is diffent from "//"
"//../"is diffent from "///"
"//../"is diffent from "////"
"///./"is diffent from "//"
"///../"is diffent from "//"
"////./"is diffent from "//"
"////../"is diffent from "//"
"/././"is diffent from "//"
"/../../"is diffent from "//"
"/"is diffent from "//"
"//"is diffent from "///"
"//"is diffent from "////"
Boost Filesystem Test End
Patched Boost Filesystem Test Start
"/"
"/"
"/"
"/"
"/"
"/"
"/"
"/"
"/"
"/"
"/"
"/"
"/"
"/"
Patched Boost Filesystem Test End
